<?xml version="1.0" encoding="UTF-8"?>
<!-- Generated by org.testng.reporters.JUnitReportReporter -->
<testsuite hostname="DESKTOP-392489H" failures="0" tests="3" name="dummyPackage.LoginTest" time="0.000" errors="0" timestamp="2024-09-29T16:57:37 IST" skipped="0">
  <testcase classname="dummyPackage.LoginTest" name="testcase2" time="0.000"/>
  <testcase classname="dummyPackage.LoginTest" name="testcase1" time="0.000"/>
  <testcase classname="dummyPackage.LoginTest" name="testcase3" time="0.000"/>
</testsuite> <!-- dummyPackage.LoginTest -->
